
2021-10-02 23:36:44.086 [main] INFO  epam.taskfirst.usermain.UserMain - -9 7 -7 6 5        54  67 -100
2021-10-02 23:36:44.086 [main] INFO  epam.taskfirst.usermain.UserMain - File is read!
2021-10-02 23:36:44.086 [main] INFO  epam.taskfirst.usermain.UserMain - Array objects are created
2021-10-02 23:36:44.086 [main] INFO  taskfirst.service.impl.ActionImpl - Positive numbers are 
2021-10-02 23:36:44.094 [main] INFO  epam.taskfirst.usermain.UserMain - 5.0
2021-10-02 23:37:05.348 [main] INFO  epam.taskfirst.usermain.UserMain - -9 7 -7 6 5        54  67 -100
2021-10-02 23:37:05.348 [main] INFO  epam.taskfirst.usermain.UserMain - File is read!
2021-10-02 23:37:05.348 [main] INFO  epam.taskfirst.usermain.UserMain - Array objects are created
2021-10-02 23:37:05.348 [main] INFO  taskfirst.service.impl.ActionImpl - Negative numbers are 
2021-10-02 23:37:05.348 [main] INFO  epam.taskfirst.usermain.UserMain - 3.0
2021-10-02 23:43:33.181 [main] INFO  epam.taskfirst.usermain.UserMain - -9 7 -7 6 5        54  67 -100
2021-10-02 23:43:33.181 [main] INFO  epam.taskfirst.usermain.UserMain - File is read!
2021-10-02 23:43:33.181 [main] INFO  epam.taskfirst.usermain.UserMain - Array objects are created
2021-10-02 23:43:33.181 [main] INFO  taskfirst.service.impl.ActionImpl - Negative numbers are 
2021-10-02 23:43:33.181 [main] INFO  epam.taskfirst.usermain.UserMain - 3.0
2021-10-02 23:43:33.181 [main] INFO  taskfirst.sorting.impl.SorterImpl - Sort :
2021-10-02 23:43:33.222 [main] INFO  epam.taskfirst.usermain.UserMain - [-100, -9, -7, 5, 6, 7, 54, 67]
2021-10-02 23:44:18.719 [main] INFO  epam.taskfirst.usermain.UserMain - -9 7 -7 6 5        54  67 -100
2021-10-02 23:44:18.719 [main] INFO  epam.taskfirst.usermain.UserMain - File is read!
2021-10-02 23:44:18.719 [main] INFO  epam.taskfirst.usermain.UserMain - Array objects are created
2021-10-02 23:44:18.719 [main] INFO  taskfirst.service.impl.ActionImpl - Negative numbers are 
2021-10-02 23:44:18.719 [main] INFO  epam.taskfirst.usermain.UserMain - 3.0
2021-10-02 23:44:18.719 [main] INFO  taskfirst.sorting.impl.SorterImpl - Sort :
2021-10-02 23:44:18.735 [main] INFO  epam.taskfirst.usermain.UserMain - [-100, -9, -7, 5, 6, 7, 54, 67]
2021-10-02 23:44:18.735 [main] INFO  epam.taskfirst.usermain.UserMain - [-9, 7, -7, 6, 5, 54, 67, -100]
2021-10-03 00:01:23.374 [main] INFO  epam.taskfirst.usermain.UserMain - -9 7 -7 6 5        54  67 -100
2021-10-03 00:01:23.374 [main] INFO  epam.taskfirst.usermain.UserMain - File is read!
2021-10-03 00:01:23.374 [main] INFO  epam.taskfirst.usermain.UserMain - Array objects are created
2021-10-03 00:01:23.390 [main] INFO  taskfirst.service.impl.ActionImpl - Multiply positive numbers: 
2021-10-03 00:01:23.418 [main] INFO  epam.taskfirst.usermain.UserMain - [14, 12, 10, 108, 134]
2021-10-03 00:01:23.434 [main] INFO  taskfirst.sorting.impl.SorterImpl - Sort :
2021-10-03 00:01:23.434 [main] INFO  epam.taskfirst.usermain.UserMain - [-100, -9, -7, 5, 6, 7, 54, 67]
2021-10-03 00:01:23.434 [main] INFO  epam.taskfirst.usermain.UserMain - [-9, 7, -7, 6, 5, 54, 67, -100]
2021-10-05 09:55:37.439 [main] ERROR epam.taskfirst.usermain.UserMain - File is not read
2021-10-05 09:55:50.330 [main] ERROR epam.taskfirst.usermain.UserMain - File is not read
2021-10-05 09:59:28.159 [main] ERROR epam.taskfirst.usermain.UserMain - File is not read
2021-10-05 09:59:44.868 [main] ERROR epam.taskfirst.usermain.UserMain - File is not read
2021-10-05 10:00:35.462 [main] ERROR epam.taskfirst.usermain.UserMain - File is not read
2021-10-05 10:00:52.449 [main] ERROR epam.taskfirst.usermain.UserMain - File is not read
2021-10-05 10:01:42.421 [main] ERROR epam.taskfirst.usermain.UserMain - File is not read
2021-10-05 10:01:59.291 [main] ERROR epam.taskfirst.usermain.UserMain - File is not read
2021-10-05 10:02:17.792 [main] ERROR epam.taskfirst.usermain.UserMain - File is not read
2021-10-05 10:02:43.819 [main] INFO  epam.taskfirst.usermain.UserMain - -9 7 -7 6 5        54  67 -100
2021-10-05 10:02:43.819 [main] INFO  epam.taskfirst.usermain.UserMain - File is read!
2021-10-05 10:02:43.819 [main] INFO  epam.taskfirst.usermain.UserMain - Array objects are created
2021-10-05 10:02:43.819 [main] INFO  taskfirst.service.impl.ActionImpl - Multiply positive numbers: 
2021-10-05 10:02:43.835 [main] INFO  epam.taskfirst.usermain.UserMain - [14, 12, 10, 108, 134]
2021-10-05 10:02:43.835 [main] INFO  taskfirst.sorting.impl.SorterImpl - Sort :
2021-10-05 10:02:43.835 [main] INFO  epam.taskfirst.usermain.UserMain - [-100, -9, -7, 5, 6, 7, 54, 67]
2021-10-05 10:02:43.835 [main] INFO  epam.taskfirst.usermain.UserMain - [-9, 7, -7, 6, 5, 54, 67, -100]
2021-10-05 10:03:09.198 [main] ERROR epam.taskfirst.usermain.UserMain - File is not read
2021-10-05 10:05:25.215 [main] INFO  epam.taskfirst.usermain.UserMain - -9 7 -7 6 5        54  67 -100
2021-10-05 10:05:25.223 [main] INFO  epam.taskfirst.usermain.UserMain - File is read!
2021-10-05 10:05:25.223 [main] INFO  epam.taskfirst.usermain.UserMain - Array objects are created
2021-10-05 10:05:25.223 [main] INFO  taskfirst.service.impl.ActionImpl - Multiply positive numbers: 
2021-10-05 10:05:25.223 [main] INFO  epam.taskfirst.usermain.UserMain - [14, 12, 10, 108, 134]
2021-10-05 10:05:25.223 [main] INFO  taskfirst.sorting.impl.SorterImpl - Sort :
2021-10-05 10:05:25.223 [main] INFO  epam.taskfirst.usermain.UserMain - [-100, -9, -7, 5, 6, 7, 54, 67]
2021-10-05 10:05:25.223 [main] INFO  epam.taskfirst.usermain.UserMain - [-9, 7, -7, 6, 5, 54, 67, -100]
2021-10-05 10:12:01.802 [main] ERROR epam.taskfirst.usermain.UserMain - File doesn't have a correct line 
2021-10-05 10:12:12.747 [main] INFO  epam.taskfirst.usermain.UserMain - -9 7 -7 6 5        54  67 -100
2021-10-05 10:12:12.755 [main] INFO  epam.taskfirst.usermain.UserMain - File is read!
2021-10-05 10:12:12.755 [main] INFO  epam.taskfirst.usermain.UserMain - Array objects are created
2021-10-05 10:12:12.755 [main] INFO  taskfirst.service.impl.ActionImpl - Multiply positive numbers: 
2021-10-05 10:12:12.755 [main] INFO  epam.taskfirst.usermain.UserMain - [14, 12, 10, 108, 134]
2021-10-05 10:12:12.755 [main] INFO  taskfirst.sorting.impl.SorterImpl - Sort :
2021-10-05 10:12:12.763 [main] INFO  epam.taskfirst.usermain.UserMain - [-100, -9, -7, 5, 6, 7, 54, 67]
2021-10-05 10:12:12.763 [main] INFO  epam.taskfirst.usermain.UserMain - [-9, 7, -7, 6, 5, 54, 67, -100]
2021-10-05 10:15:59.581 [main] INFO  epam.taskfirst.usermain.UserMain - -9 7 -7 6 5        54  67 -100
2021-10-05 10:15:59.581 [main] INFO  epam.taskfirst.usermain.UserMain - File is read!
2021-10-05 10:15:59.589 [main] INFO  epam.taskfirst.usermain.UserMain - Array objects are created
2021-10-05 10:15:59.589 [main] INFO  taskfirst.service.impl.ActionImpl - Multiply positive numbers: 
2021-10-05 10:15:59.589 [main] INFO  epam.taskfirst.usermain.UserMain - [14, 12, 10, 108, 134]
2021-10-05 10:15:59.589 [main] INFO  taskfirst.sorting.impl.SorterImpl - Sort :
2021-10-05 10:15:59.589 [main] INFO  epam.taskfirst.usermain.UserMain - [-100, -9, -7, 5, 6, 7, 54, 67]
2021-10-05 10:15:59.589 [main] INFO  epam.taskfirst.usermain.UserMain - [-9, 7, -7, 6, 5, 54, 67, -100]
2021-10-05 10:16:38.601 [main] ERROR epam.taskfirst.usermain.UserMain - File doesn't have a correct line 
